<?xml version="1.0" encoding="UTF-8"?>
<testng-results ignored="0" total="3" passed="3" failed="0" skipped="0">
  <reporter-output>
  </reporter-output>
  <suite started-at="2023-07-19T09:23:25 IST" name="Suite" finished-at="2023-07-19T09:23:33 IST" duration-ms="7432">
    <groups>
      <group name="Demo">
        <method signature="RestAssuredTest.SignUpTest(java.lang.String,java.lang.String,java.lang.String,java.lang.String,java.lang.String,java.lang.String,java.lang.String,java.lang.String,java.lang.String,java.lang.String,java.lang.String)[pri:1, instance:TestNG.RestAssuredTest@2a3b5b47]" name="SignUpTest" class="TestNG.RestAssuredTest"/>
        <method signature="RestAssuredTest.SignInTest(java.lang.String,java.lang.String,java.lang.String,java.lang.String,java.lang.String,java.lang.String,java.lang.String,java.lang.String,java.lang.String,java.lang.String,java.lang.String)[pri:2, instance:TestNG.RestAssuredTest@2a3b5b47]" name="SignInTest" class="TestNG.RestAssuredTest"/>
      </group> <!-- Demo -->
    </groups>
    <test started-at="2023-07-19T09:23:25 IST" name="SignInTest" finished-at="2023-07-19T09:23:33 IST" duration-ms="7432">
      <class name="TestNG.RestAssuredTest">
        <test-method signature="SignUpTest(java.lang.String,java.lang.String,java.lang.String,java.lang.String,java.lang.String,java.lang.String,java.lang.String,java.lang.String,java.lang.String,java.lang.String,java.lang.String)[pri:1, instance:TestNG.RestAssuredTest@2a3b5b47]" started-at="2023-07-19T09:23:26 IST" name="SignUpTest" data-provider="data-provider" finished-at="2023-07-19T09:23:30 IST" duration-ms="4323" status="PASS">
          <params>
            <param index="0">
              <value>
                <![CDATA[https://vmos2.vmos-demo.com]]>
              </value>
            </param>
            <param index="1">
              <value>
                <![CDATA[/user/v1/user]]>
              </value>
            </param>
            <param index="2">
              <value>
                <![CDATA[application/json]]>
              </value>
            </param>
            <param index="3">
              <value>
                <![CDATA[832b34ad-2608-4cc7-bee8-bfc47686d801]]>
              </value>
            </param>
            <param index="4">
              <value>
                <![CDATA[Dinesh24]]>
              </value>
            </param>
            <param index="5">
              <value>
                <![CDATA[dt24@gmail.com]]>
              </value>
            </param>
            <param index="6">
              <value>
                <![CDATA[qwer1234]]>
              </value>
            </param>
            <param index="7">
              <value>
                <![CDATA[marketing]]>
              </value>
            </param>
            <param index="8">
              <value>
                <![CDATA[876b34ad-45654-4ds7-cdd8-bfc47686d999]]>
              </value>
            </param>
            <param index="9">
              <value>
                <![CDATA[en-GB]]>
              </value>
            </param>
            <param index="10">
              <value>
                <![CDATA[201]]>
              </value>
            </param>
          </params>
          <reporter-output>
          </reporter-output>
        </test-method> <!-- SignUpTest -->
        <test-method signature="SignInTest(java.lang.String,java.lang.String,java.lang.String,java.lang.String,java.lang.String,java.lang.String,java.lang.String,java.lang.String,java.lang.String,java.lang.String,java.lang.String)[pri:2, instance:TestNG.RestAssuredTest@2a3b5b47]" started-at="2023-07-19T09:23:30 IST" name="SignInTest" data-provider="data-provider" finished-at="2023-07-19T09:23:32 IST" duration-ms="1452" status="PASS">
          <params>
            <param index="0">
              <value>
                <![CDATA[https://vmos2.vmos-demo.com]]>
              </value>
            </param>
            <param index="1">
              <value>
                <![CDATA[/user/v1/auth]]>
              </value>
            </param>
            <param index="2">
              <value>
                <![CDATA[application/json]]>
              </value>
            </param>
            <param index="3">
              <value>
                <![CDATA[]]>
              </value>
            </param>
            <param index="4">
              <value>
                <![CDATA[Dinesh22]]>
              </value>
            </param>
            <param index="5">
              <value>
                <![CDATA[dt22@gmail.com]]>
              </value>
            </param>
            <param index="6">
              <value>
                <![CDATA[qwer1234]]>
              </value>
            </param>
            <param index="7">
              <value>
                <![CDATA[marketing]]>
              </value>
            </param>
            <param index="8">
              <value>
                <![CDATA[]]>
              </value>
            </param>
            <param index="9">
              <value>
                <![CDATA[en-GB]]>
              </value>
            </param>
            <param index="10">
              <value>
                <![CDATA[201]]>
              </value>
            </param>
          </params>
          <reporter-output>
          </reporter-output>
        </test-method> <!-- SignInTest -->
        <test-method signature="SignInTest(java.lang.String,java.lang.String,java.lang.String,java.lang.String,java.lang.String,java.lang.String,java.lang.String,java.lang.String,java.lang.String,java.lang.String,java.lang.String)[pri:2, instance:TestNG.RestAssuredTest@2a3b5b47]" started-at="2023-07-19T09:23:32 IST" name="SignInTest" data-provider="data-provider" finished-at="2023-07-19T09:23:33 IST" duration-ms="956" status="PASS">
          <params>
            <param index="0">
              <value>
                <![CDATA[https://vmos2.vmos-demo.com]]>
              </value>
            </param>
            <param index="1">
              <value>
                <![CDATA[/user/v1/auth]]>
              </value>
            </param>
            <param index="2">
              <value>
                <![CDATA[application/json]]>
              </value>
            </param>
            <param index="3">
              <value>
                <![CDATA[]]>
              </value>
            </param>
            <param index="4">
              <value>
                <![CDATA[Dinesh23]]>
              </value>
            </param>
            <param index="5">
              <value>
                <![CDATA[dt23@gmail.com]]>
              </value>
            </param>
            <param index="6">
              <value>
                <![CDATA[qwer1234]]>
              </value>
            </param>
            <param index="7">
              <value>
                <![CDATA[marketing]]>
              </value>
            </param>
            <param index="8">
              <value>
                <![CDATA[]]>
              </value>
            </param>
            <param index="9">
              <value>
                <![CDATA[en-GB]]>
              </value>
            </param>
            <param index="10">
              <value>
                <![CDATA[201]]>
              </value>
            </param>
          </params>
          <reporter-output>
          </reporter-output>
        </test-method> <!-- SignInTest -->
      </class> <!-- TestNG.RestAssuredTest -->
    </test> <!-- SignInTest -->
  </suite> <!-- Suite -->
</testng-results>
