<?xml version="1.0" encoding="UTF-8"?>
<testng-results ignored="0" total="2" passed="2" failed="0" skipped="0">
  <reporter-output>
  </reporter-output>
  <suite started-at="2023-07-15T22:44:18 IST" name="Suite" finished-at="2023-07-15T22:44:25 IST" duration-ms="6834">
    <groups>
      <group name="Demo">
        <method signature="RestAssuredTest.SignUpTest(java.lang.String,java.lang.String,java.lang.String,java.lang.String,java.lang.String,java.lang.String)[pri:1, instance:TestNG.RestAssuredTest@42a48628]" name="SignUpTest" class="TestNG.RestAssuredTest"/>
        <method signature="RestAssuredTest.SignInTest(java.lang.String,java.lang.String)[pri:2, instance:TestNG.RestAssuredTest@42a48628]" name="SignInTest" class="TestNG.RestAssuredTest"/>
      </group> <!-- Demo -->
    </groups>
    <test started-at="2023-07-15T22:44:18 IST" name="SignInTest" finished-at="2023-07-15T22:44:25 IST" duration-ms="6834">
      <class name="TestNG.RestAssuredTest">
        <test-method signature="SignUpTest(java.lang.String,java.lang.String,java.lang.String,java.lang.String,java.lang.String,java.lang.String)[pri:1, instance:TestNG.RestAssuredTest@42a48628]" started-at="2023-07-15T22:44:19 IST" name="SignUpTest" finished-at="2023-07-15T22:44:24 IST" duration-ms="5232" status="PASS">
          <params>
            <param index="0">
              <value>
                <![CDATA[Dinesh21]]>
              </value>
            </param>
            <param index="1">
              <value>
                <![CDATA[dt21@gmail.com]]>
              </value>
            </param>
            <param index="2">
              <value>
                <![CDATA[qwer1234]]>
              </value>
            </param>
            <param index="3">
              <value>
                <![CDATA[marketing]]>
              </value>
            </param>
            <param index="4">
              <value>
                <![CDATA[9bd73863-0f1f-4265-a6bc-059a2541fbbf]]>
              </value>
            </param>
            <param index="5">
              <value>
                <![CDATA[en-GB]]>
              </value>
            </param>
          </params>
          <reporter-output>
          </reporter-output>
        </test-method> <!-- SignUpTest -->
        <test-method signature="SignInTest(java.lang.String,java.lang.String)[pri:2, instance:TestNG.RestAssuredTest@42a48628]" started-at="2023-07-15T22:44:24 IST" name="SignInTest" finished-at="2023-07-15T22:44:25 IST" duration-ms="1539" status="PASS">
          <params>
            <param index="0">
              <value>
                <![CDATA[dt21@gmail.com]]>
              </value>
            </param>
            <param index="1">
              <value>
                <![CDATA[qwer1234]]>
              </value>
            </param>
          </params>
          <reporter-output>
          </reporter-output>
        </test-method> <!-- SignInTest -->
      </class> <!-- TestNG.RestAssuredTest -->
    </test> <!-- SignInTest -->
  </suite> <!-- Suite -->
</testng-results>
