<?xml version="1.0" encoding="UTF-8"?>
<!-- Generated by org.testng.reporters.JUnitXMLReporter -->
<testsuite ignored="0" hostname="DESKTOP-6OD3ENG" failures="0" tests="3" name="SignInTest" time="7.432" errors="0" timestamp="2023-07-19T09:23:33 IST">
  <testcase classname="TestNG.RestAssuredTest" name="SignUpTest" time="4.323"/>
  <testcase classname="TestNG.RestAssuredTest" name="SignInTest" time="1.452"/>
  <testcase classname="TestNG.RestAssuredTest" name="SignInTest" time="0.956"/>
</testsuite> <!-- SignInTest -->
